  Source.cpp
c:\users\asus\source\repos\newshit\newshit\classes.h(168): warning C4584: 'PlayingCoach': base-class 'TeamMember' is already a base-class of 'Coach'
  c:\users\asus\source\repos\newshit\newshit\classes.h(73): note: see declaration of 'TeamMember'
  c:\users\asus\source\repos\newshit\newshit\classes.h(139): note: see declaration of 'Coach'
  description.cpp
c:\users\asus\source\repos\newshit\newshit\classes.h(168): warning C4584: 'PlayingCoach': base-class 'TeamMember' is already a base-class of 'Coach'
  c:\users\asus\source\repos\newshit\newshit\classes.h(73): note: see declaration of 'TeamMember'
  c:\users\asus\source\repos\newshit\newshit\classes.h(139): note: see declaration of 'Coach'
c:\users\asus\source\repos\newshit\newshit\description.cpp(310): warning C4244: 'argument': conversion from 'time_t' to 'unsigned int', possible loss of data
c:\users\asus\source\repos\newshit\newshit\description.cpp(370): warning C4244: 'argument': conversion from 'time_t' to 'unsigned int', possible loss of data
c:\users\asus\source\repos\newshit\newshit\description.cpp(589): warning C4553: '==': result of expression not used; did you intend '='?
c:\users\asus\source\repos\newshit\newshit\description.cpp(681): warning C4101: 'a': unreferenced local variable
c:\users\asus\source\repos\newshit\newshit\description.cpp(803): warning C4101: 'a': unreferenced local variable
c:\users\asus\source\repos\newshit\newshit\description.cpp(1082): warning C4244: '=': conversion from 'int' to 'float', possible loss of data
c:\users\asus\source\repos\newshit\newshit\description.cpp(1083): warning C4244: '=': conversion from 'double' to 'float', possible loss of data
  Generating Code...
c:\users\asus\source\repos\newshit\newshit\description.cpp(286): warning C4715: 'FCteam::showRegisteredTeams': not all control paths return a value
c:\users\asus\source\repos\newshit\newshit\description.cpp(687): warning C4715: 'Coach::hireCoach': not all control paths return a value
c:\users\asus\source\repos\newshit\newshit\description.cpp(809): warning C4715: 'FCnurse::hireNurse': not all control paths return a value
c:\users\asus\source\repos\newshit\newshit\description.cpp(218): warning C4715: 'FCteam::showAllTeams': not all control paths return a value
  newshit.vcxproj -> C:\Users\asus\source\repos\newshit\Debug\newshit.exe
